<?xml version="1.0" encoding="UTF-8"?>
<testng-results skipped="3" failed="0" ignored="0" total="3" passed="0">
  <reporter-output>
    <line>
      <![CDATA[Post with API url: https://api.todoist.com/rest/v1/projects<p>]]>
    </line>
    <line>
      <![CDATA[Response header: Content-Type=application/json
Content-Length=206
Connection=keep-alive
Date=Thu, 04 Nov 2021 07:16:46 GMT
Cache-Control=no-cache
Referrer-Policy=strict-origin-when-cross-origin
Set-Cookie=csrf=c5a8d7eaaff447b7b3b10663cc602302; Expires=Sun, 02-Nov-2031 07:16:45 GMT; Secure; Path=/; SameSite=None
Strict-Transport-Security=max-age=31536000; includeSubDomains; preload
X-Cache=Miss from cloudfront
Via=1.1 63a9656547554dba88dc94e9fc75671a.cloudfront.net (CloudFront)
X-Amz-Cf-Pop=HKG54-C1
X-Amz-Cf-Id=slx7Q1nh_zPmvTYEFdaKTq3d4XUT6MyDB24aU_HPUQ7DDSBQGvpGHg==<p>]]>
    </line>
    <line>
      <![CDATA[Response body: {
"id": 2277665746,
"order": 5,
"color": 47,
"name": "Shopping List",
"comment_count": 0,
"shared": false,
"favorite": false,
"sync_id": 0,
"url": "https://todoist.com/showProject?id=2277665746"
}
<p>]]>
    </line>
  </reporter-output>
  <suite name="Default suite" duration-ms="24530" started-at="2021-11-04T07:16:22Z" finished-at="2021-11-04T07:16:46Z">
    <groups>
    </groups>
    <test name="Default test" duration-ms="24530" started-at="2021-11-04T07:16:22Z" finished-at="2021-11-04T07:16:46Z">
      <class name="testcases.ProjectTests">
        <test-method status="PASS" signature="beforeSuite()[pri:0, instance:testcases.ProjectTests@5c645b43]" name="beforeSuite" is-config="true" duration-ms="114" started-at="2021-11-04T07:16:22Z" finished-at="2021-11-04T07:16:22Z">
          <reporter-output>
          </reporter-output>
        </test-method> <!-- beforeSuite -->
        <test-method status="PASS" signature="beforeMethod()[pri:0, instance:testcases.ProjectTests@5c645b43]" name="beforeMethod" is-config="true" duration-ms="21987" started-at="2021-11-04T07:16:22Z" finished-at="2021-11-04T07:16:44Z">
          <reporter-output>
          </reporter-output>
        </test-method> <!-- beforeMethod -->
        <test-method status="FAIL" signature="before_test([Ljava.lang.Object;)[pri:0, instance:testcases.ProjectTests@5c645b43]" name="before_test" is-config="true" duration-ms="2421" started-at="2021-11-04T07:16:44Z" finished-at="2021-11-04T07:16:46Z">
          <params>
            <param index="0">
              <value>
                <![CDATA[[Ljava.lang.Object;@79627d27]]>
              </value>
            </param>
          </params>
          <exception class="java.lang.IllegalArgumentException">
            <message>
              <![CDATA[Can not set io.appium.java_client.MobileElement field mobile.pageobjects.HomePage.profileName to null value]]>
            </message>
            <full-stacktrace>
              <![CDATA[java.lang.IllegalArgumentException: Can not set io.appium.java_client.MobileElement field mobile.pageobjects.HomePage.profileName to null value
at sun.reflect.UnsafeFieldAccessorImpl.throwSetIllegalArgumentException(UnsafeFieldAccessorImpl.java:167)
at sun.reflect.UnsafeFieldAccessorImpl.throwSetIllegalArgumentException(UnsafeFieldAccessorImpl.java:171)
at sun.reflect.UnsafeObjectFieldAccessorImpl.set(UnsafeObjectFieldAccessorImpl.java:81)
at java.lang.reflect.Field.set(Field.java:764)
at org.openqa.selenium.support.PageFactory.proxyFields(PageFactory.java:117)
at org.openqa.selenium.support.PageFactory.initElements(PageFactory.java:105)
at mobile.core.AbstractPage.<init>(AbstractPage.java:28)
at mobile.pageobjects.HomePage.<init>(HomePage.java:37)
at mobile.core.PageFactoryManager.getHomePage(PageFactoryManager.java:13)
at testcases.ProjectTests.before_test(ProjectTests.java:32)
at sun.reflect.NativeMethodAccessorImpl.invoke0(Native Method)
at sun.reflect.NativeMethodAccessorImpl.invoke(NativeMethodAccessorImpl.java:62)
at sun.reflect.DelegatingMethodAccessorImpl.invoke(DelegatingMethodAccessorImpl.java:43)
at java.lang.reflect.Method.invoke(Method.java:498)
at org.testng.internal.MethodInvocationHelper.invokeMethod(MethodInvocationHelper.java:124)
at org.testng.internal.MethodInvocationHelper.invokeMethodConsideringTimeout(MethodInvocationHelper.java:59)
at org.testng.internal.Invoker.invokeConfigurationMethod(Invoker.java:455)
at org.testng.internal.Invoker.invokeConfigurations(Invoker.java:222)
at org.testng.internal.Invoker.invokeMethod(Invoker.java:520)
at org.testng.internal.Invoker.invokeTestMethod(Invoker.java:716)
at org.testng.internal.Invoker.invokeTestMethods(Invoker.java:988)
at org.testng.internal.TestMethodWorker.invokeTestMethods(TestMethodWorker.java:125)
at org.testng.internal.TestMethodWorker.run(TestMethodWorker.java:109)
at org.testng.TestRunner.privateRun(TestRunner.java:648)
at org.testng.TestRunner.run(TestRunner.java:505)
at org.testng.SuiteRunner.runTest(SuiteRunner.java:455)
at org.testng.SuiteRunner.runSequentially(SuiteRunner.java:450)
at org.testng.SuiteRunner.privateRun(SuiteRunner.java:415)
at org.testng.SuiteRunner.run(SuiteRunner.java:364)
at org.testng.SuiteRunnerWorker.runSuite(SuiteRunnerWorker.java:52)
at org.testng.SuiteRunnerWorker.run(SuiteRunnerWorker.java:84)
at org.testng.TestNG.runSuitesSequentially(TestNG.java:1208)
at org.testng.TestNG.runSuitesLocally(TestNG.java:1137)
at org.testng.TestNG.runSuites(TestNG.java:1049)
at org.testng.TestNG.run(TestNG.java:1017)
at org.testng.remote.AbstractRemoteTestNG.run(AbstractRemoteTestNG.java:115)
at org.testng.remote.RemoteTestNG.initAndRun(RemoteTestNG.java:251)
at org.testng.remote.RemoteTestNG.main(RemoteTestNG.java:77)
]]>
            </full-stacktrace>
          </exception> <!-- java.lang.IllegalArgumentException -->
          <reporter-output>
            <line>
              <![CDATA[Post with API url: https://api.todoist.com/rest/v1/projects<p>]]>
            </line>
            <line>
              <![CDATA[Response header: Content-Type=application/json
Content-Length=206
Connection=keep-alive
Date=Thu, 04 Nov 2021 07:16:46 GMT
Cache-Control=no-cache
Referrer-Policy=strict-origin-when-cross-origin
Set-Cookie=csrf=c5a8d7eaaff447b7b3b10663cc602302; Expires=Sun, 02-Nov-2031 07:16:45 GMT; Secure; Path=/; SameSite=None
Strict-Transport-Security=max-age=31536000; includeSubDomains; preload
X-Cache=Miss from cloudfront
Via=1.1 63a9656547554dba88dc94e9fc75671a.cloudfront.net (CloudFront)
X-Amz-Cf-Pop=HKG54-C1
X-Amz-Cf-Id=slx7Q1nh_zPmvTYEFdaKTq3d4XUT6MyDB24aU_HPUQ7DDSBQGvpGHg==<p>]]>
            </line>
            <line>
              <![CDATA[Response body: {
"id": 2277665746,
"order": 5,
"color": 47,
"name": "Shopping List",
"comment_count": 0,
"shared": false,
"favorite": false,
"sync_id": 0,
"url": "https://todoist.com/showProject?id=2277665746"
}
<p>]]>
            </line>
          </reporter-output>
        </test-method> <!-- before_test -->
        <test-method status="SKIP" signature="create_project(java.lang.String, java.lang.String, java.lang.String, java.lang.String, java.lang.reflect.Method)[pri:0, instance:testcases.ProjectTests@5c645b43]" name="create_project" duration-ms="0" started-at="2021-11-04T07:16:46Z" data-provider="CreateProject" finished-at="2021-11-04T07:16:46Z">
          <exception class="java.lang.IllegalArgumentException">
            <message>
              <![CDATA[Can not set io.appium.java_client.MobileElement field mobile.pageobjects.HomePage.profileName to null value]]>
            </message>
            <full-stacktrace>
              <![CDATA[java.lang.IllegalArgumentException: Can not set io.appium.java_client.MobileElement field mobile.pageobjects.HomePage.profileName to null value
at sun.reflect.UnsafeFieldAccessorImpl.throwSetIllegalArgumentException(UnsafeFieldAccessorImpl.java:167)
at sun.reflect.UnsafeFieldAccessorImpl.throwSetIllegalArgumentException(UnsafeFieldAccessorImpl.java:171)
at sun.reflect.UnsafeObjectFieldAccessorImpl.set(UnsafeObjectFieldAccessorImpl.java:81)
at java.lang.reflect.Field.set(Field.java:764)
at org.openqa.selenium.support.PageFactory.proxyFields(PageFactory.java:117)
at org.openqa.selenium.support.PageFactory.initElements(PageFactory.java:105)
at mobile.core.AbstractPage.<init>(AbstractPage.java:28)
at mobile.pageobjects.HomePage.<init>(HomePage.java:37)
at mobile.core.PageFactoryManager.getHomePage(PageFactoryManager.java:13)
at testcases.ProjectTests.before_test(ProjectTests.java:32)
at sun.reflect.NativeMethodAccessorImpl.invoke0(Native Method)
at sun.reflect.NativeMethodAccessorImpl.invoke(NativeMethodAccessorImpl.java:62)
at sun.reflect.DelegatingMethodAccessorImpl.invoke(DelegatingMethodAccessorImpl.java:43)
at java.lang.reflect.Method.invoke(Method.java:498)
at org.testng.internal.MethodInvocationHelper.invokeMethod(MethodInvocationHelper.java:124)
at org.testng.internal.MethodInvocationHelper.invokeMethodConsideringTimeout(MethodInvocationHelper.java:59)
at org.testng.internal.Invoker.invokeConfigurationMethod(Invoker.java:455)
at org.testng.internal.Invoker.invokeConfigurations(Invoker.java:222)
at org.testng.internal.Invoker.invokeMethod(Invoker.java:520)
at org.testng.internal.Invoker.invokeTestMethod(Invoker.java:716)
at org.testng.internal.Invoker.invokeTestMethods(Invoker.java:988)
at org.testng.internal.TestMethodWorker.invokeTestMethods(TestMethodWorker.java:125)
at org.testng.internal.TestMethodWorker.run(TestMethodWorker.java:109)
at org.testng.TestRunner.privateRun(TestRunner.java:648)
at org.testng.TestRunner.run(TestRunner.java:505)
at org.testng.SuiteRunner.runTest(SuiteRunner.java:455)
at org.testng.SuiteRunner.runSequentially(SuiteRunner.java:450)
at org.testng.SuiteRunner.privateRun(SuiteRunner.java:415)
at org.testng.SuiteRunner.run(SuiteRunner.java:364)
at org.testng.SuiteRunnerWorker.runSuite(SuiteRunnerWorker.java:52)
at org.testng.SuiteRunnerWorker.run(SuiteRunnerWorker.java:84)
at org.testng.TestNG.runSuitesSequentially(TestNG.java:1208)
at org.testng.TestNG.runSuitesLocally(TestNG.java:1137)
at org.testng.TestNG.runSuites(TestNG.java:1049)
at org.testng.TestNG.run(TestNG.java:1017)
at org.testng.remote.AbstractRemoteTestNG.run(AbstractRemoteTestNG.java:115)
at org.testng.remote.RemoteTestNG.initAndRun(RemoteTestNG.java:251)
at org.testng.remote.RemoteTestNG.main(RemoteTestNG.java:77)
]]>
            </full-stacktrace>
          </exception> <!-- java.lang.IllegalArgumentException -->
          <reporter-output>
          </reporter-output>
        </test-method> <!-- create_project -->
        <test-method status="SKIP" signature="clear_all_project()[pri:0, instance:testcases.ProjectTests@5c645b43]" name="clear_all_project" is-config="true" duration-ms="0" started-at="2021-11-04T07:16:46Z" finished-at="2021-11-04T07:16:46Z">
          <reporter-output>
          </reporter-output>
        </test-method> <!-- clear_all_project -->
        <test-method status="SKIP" signature="resetService()[pri:0, instance:testcases.ProjectTests@5c645b43]" name="resetService" is-config="true" duration-ms="0" started-at="2021-11-04T07:16:46Z" finished-at="2021-11-04T07:16:46Z">
          <reporter-output>
          </reporter-output>
        </test-method> <!-- resetService -->
        <test-method status="SKIP" signature="beforeMethod()[pri:0, instance:testcases.ProjectTests@5c645b43]" name="beforeMethod" is-config="true" duration-ms="0" started-at="2021-11-04T07:16:46Z" finished-at="2021-11-04T07:16:46Z">
          <reporter-output>
          </reporter-output>
        </test-method> <!-- beforeMethod -->
        <test-method status="SKIP" signature="before_test([Ljava.lang.Object;)[pri:0, instance:testcases.ProjectTests@5c645b43]" name="before_test" is-config="true" duration-ms="0" started-at="2021-11-04T07:16:46Z" finished-at="2021-11-04T07:16:46Z">
          <reporter-output>
          </reporter-output>
        </test-method> <!-- before_test -->
        <test-method status="SKIP" signature="create_project_via_mobile(java.lang.String, java.lang.String, java.lang.String, java.lang.String, java.lang.String, java.lang.reflect.Method)[pri:0, instance:testcases.ProjectTests@5c645b43]" name="create_project_via_mobile" duration-ms="0" started-at="2021-11-04T07:16:46Z" data-provider="CreateTaskViaMobilePhone" finished-at="2021-11-04T07:16:46Z">
          <exception class="java.lang.IllegalArgumentException">
            <message>
              <![CDATA[Can not set io.appium.java_client.MobileElement field mobile.pageobjects.HomePage.profileName to null value]]>
            </message>
            <full-stacktrace>
              <![CDATA[java.lang.IllegalArgumentException: Can not set io.appium.java_client.MobileElement field mobile.pageobjects.HomePage.profileName to null value
at sun.reflect.UnsafeFieldAccessorImpl.throwSetIllegalArgumentException(UnsafeFieldAccessorImpl.java:167)
at sun.reflect.UnsafeFieldAccessorImpl.throwSetIllegalArgumentException(UnsafeFieldAccessorImpl.java:171)
at sun.reflect.UnsafeObjectFieldAccessorImpl.set(UnsafeObjectFieldAccessorImpl.java:81)
at java.lang.reflect.Field.set(Field.java:764)
at org.openqa.selenium.support.PageFactory.proxyFields(PageFactory.java:117)
at org.openqa.selenium.support.PageFactory.initElements(PageFactory.java:105)
at mobile.core.AbstractPage.<init>(AbstractPage.java:28)
at mobile.pageobjects.HomePage.<init>(HomePage.java:37)
at mobile.core.PageFactoryManager.getHomePage(PageFactoryManager.java:13)
at testcases.ProjectTests.before_test(ProjectTests.java:32)
at sun.reflect.NativeMethodAccessorImpl.invoke0(Native Method)
at sun.reflect.NativeMethodAccessorImpl.invoke(NativeMethodAccessorImpl.java:62)
at sun.reflect.DelegatingMethodAccessorImpl.invoke(DelegatingMethodAccessorImpl.java:43)
at java.lang.reflect.Method.invoke(Method.java:498)
at org.testng.internal.MethodInvocationHelper.invokeMethod(MethodInvocationHelper.java:124)
at org.testng.internal.MethodInvocationHelper.invokeMethodConsideringTimeout(MethodInvocationHelper.java:59)
at org.testng.internal.Invoker.invokeConfigurationMethod(Invoker.java:455)
at org.testng.internal.Invoker.invokeConfigurations(Invoker.java:222)
at org.testng.internal.Invoker.invokeMethod(Invoker.java:520)
at org.testng.internal.Invoker.invokeTestMethod(Invoker.java:716)
at org.testng.internal.Invoker.invokeTestMethods(Invoker.java:988)
at org.testng.internal.TestMethodWorker.invokeTestMethods(TestMethodWorker.java:125)
at org.testng.internal.TestMethodWorker.run(TestMethodWorker.java:109)
at org.testng.TestRunner.privateRun(TestRunner.java:648)
at org.testng.TestRunner.run(TestRunner.java:505)
at org.testng.SuiteRunner.runTest(SuiteRunner.java:455)
at org.testng.SuiteRunner.runSequentially(SuiteRunner.java:450)
at org.testng.SuiteRunner.privateRun(SuiteRunner.java:415)
at org.testng.SuiteRunner.run(SuiteRunner.java:364)
at org.testng.SuiteRunnerWorker.runSuite(SuiteRunnerWorker.java:52)
at org.testng.SuiteRunnerWorker.run(SuiteRunnerWorker.java:84)
at org.testng.TestNG.runSuitesSequentially(TestNG.java:1208)
at org.testng.TestNG.runSuitesLocally(TestNG.java:1137)
at org.testng.TestNG.runSuites(TestNG.java:1049)
at org.testng.TestNG.run(TestNG.java:1017)
at org.testng.remote.AbstractRemoteTestNG.run(AbstractRemoteTestNG.java:115)
at org.testng.remote.RemoteTestNG.initAndRun(RemoteTestNG.java:251)
at org.testng.remote.RemoteTestNG.main(RemoteTestNG.java:77)
]]>
            </full-stacktrace>
          </exception> <!-- java.lang.IllegalArgumentException -->
          <reporter-output>
          </reporter-output>
        </test-method> <!-- create_project_via_mobile -->
        <test-method status="SKIP" signature="clear_all_project()[pri:0, instance:testcases.ProjectTests@5c645b43]" name="clear_all_project" is-config="true" duration-ms="0" started-at="2021-11-04T07:16:46Z" finished-at="2021-11-04T07:16:46Z">
          <reporter-output>
          </reporter-output>
        </test-method> <!-- clear_all_project -->
        <test-method status="SKIP" signature="resetService()[pri:0, instance:testcases.ProjectTests@5c645b43]" name="resetService" is-config="true" duration-ms="0" started-at="2021-11-04T07:16:46Z" finished-at="2021-11-04T07:16:46Z">
          <reporter-output>
          </reporter-output>
        </test-method> <!-- resetService -->
        <test-method status="SKIP" signature="beforeMethod()[pri:0, instance:testcases.ProjectTests@5c645b43]" name="beforeMethod" is-config="true" duration-ms="0" started-at="2021-11-04T07:16:46Z" finished-at="2021-11-04T07:16:46Z">
          <reporter-output>
          </reporter-output>
        </test-method> <!-- beforeMethod -->
        <test-method status="SKIP" signature="before_test([Ljava.lang.Object;)[pri:0, instance:testcases.ProjectTests@5c645b43]" name="before_test" is-config="true" duration-ms="0" started-at="2021-11-04T07:16:46Z" finished-at="2021-11-04T07:16:46Z">
          <reporter-output>
          </reporter-output>
        </test-method> <!-- before_test -->
        <test-method status="SKIP" signature="reopen_task(java.lang.String, java.lang.String, java.lang.String, java.lang.String, java.lang.String, java.lang.reflect.Method)[pri:0, instance:testcases.ProjectTests@5c645b43]" name="reopen_task" duration-ms="0" started-at="2021-11-04T07:16:46Z" data-provider="CreateTaskViaMobilePhone" finished-at="2021-11-04T07:16:46Z">
          <exception class="java.lang.IllegalArgumentException">
            <message>
              <![CDATA[Can not set io.appium.java_client.MobileElement field mobile.pageobjects.HomePage.profileName to null value]]>
            </message>
            <full-stacktrace>
              <![CDATA[java.lang.IllegalArgumentException: Can not set io.appium.java_client.MobileElement field mobile.pageobjects.HomePage.profileName to null value
at sun.reflect.UnsafeFieldAccessorImpl.throwSetIllegalArgumentException(UnsafeFieldAccessorImpl.java:167)
at sun.reflect.UnsafeFieldAccessorImpl.throwSetIllegalArgumentException(UnsafeFieldAccessorImpl.java:171)
at sun.reflect.UnsafeObjectFieldAccessorImpl.set(UnsafeObjectFieldAccessorImpl.java:81)
at java.lang.reflect.Field.set(Field.java:764)
at org.openqa.selenium.support.PageFactory.proxyFields(PageFactory.java:117)
at org.openqa.selenium.support.PageFactory.initElements(PageFactory.java:105)
at mobile.core.AbstractPage.<init>(AbstractPage.java:28)
at mobile.pageobjects.HomePage.<init>(HomePage.java:37)
at mobile.core.PageFactoryManager.getHomePage(PageFactoryManager.java:13)
at testcases.ProjectTests.before_test(ProjectTests.java:32)
at sun.reflect.NativeMethodAccessorImpl.invoke0(Native Method)
at sun.reflect.NativeMethodAccessorImpl.invoke(NativeMethodAccessorImpl.java:62)
at sun.reflect.DelegatingMethodAccessorImpl.invoke(DelegatingMethodAccessorImpl.java:43)
at java.lang.reflect.Method.invoke(Method.java:498)
at org.testng.internal.MethodInvocationHelper.invokeMethod(MethodInvocationHelper.java:124)
at org.testng.internal.MethodInvocationHelper.invokeMethodConsideringTimeout(MethodInvocationHelper.java:59)
at org.testng.internal.Invoker.invokeConfigurationMethod(Invoker.java:455)
at org.testng.internal.Invoker.invokeConfigurations(Invoker.java:222)
at org.testng.internal.Invoker.invokeMethod(Invoker.java:520)
at org.testng.internal.Invoker.invokeTestMethod(Invoker.java:716)
at org.testng.internal.Invoker.invokeTestMethods(Invoker.java:988)
at org.testng.internal.TestMethodWorker.invokeTestMethods(TestMethodWorker.java:125)
at org.testng.internal.TestMethodWorker.run(TestMethodWorker.java:109)
at org.testng.TestRunner.privateRun(TestRunner.java:648)
at org.testng.TestRunner.run(TestRunner.java:505)
at org.testng.SuiteRunner.runTest(SuiteRunner.java:455)
at org.testng.SuiteRunner.runSequentially(SuiteRunner.java:450)
at org.testng.SuiteRunner.privateRun(SuiteRunner.java:415)
at org.testng.SuiteRunner.run(SuiteRunner.java:364)
at org.testng.SuiteRunnerWorker.runSuite(SuiteRunnerWorker.java:52)
at org.testng.SuiteRunnerWorker.run(SuiteRunnerWorker.java:84)
at org.testng.TestNG.runSuitesSequentially(TestNG.java:1208)
at org.testng.TestNG.runSuitesLocally(TestNG.java:1137)
at org.testng.TestNG.runSuites(TestNG.java:1049)
at org.testng.TestNG.run(TestNG.java:1017)
at org.testng.remote.AbstractRemoteTestNG.run(AbstractRemoteTestNG.java:115)
at org.testng.remote.RemoteTestNG.initAndRun(RemoteTestNG.java:251)
at org.testng.remote.RemoteTestNG.main(RemoteTestNG.java:77)
]]>
            </full-stacktrace>
          </exception> <!-- java.lang.IllegalArgumentException -->
          <reporter-output>
          </reporter-output>
        </test-method> <!-- reopen_task -->
        <test-method status="SKIP" signature="clear_all_project()[pri:0, instance:testcases.ProjectTests@5c645b43]" name="clear_all_project" is-config="true" duration-ms="0" started-at="2021-11-04T07:16:46Z" finished-at="2021-11-04T07:16:46Z">
          <reporter-output>
          </reporter-output>
        </test-method> <!-- clear_all_project -->
        <test-method status="SKIP" signature="resetService()[pri:0, instance:testcases.ProjectTests@5c645b43]" name="resetService" is-config="true" duration-ms="0" started-at="2021-11-04T07:16:46Z" finished-at="2021-11-04T07:16:46Z">
          <reporter-output>
          </reporter-output>
        </test-method> <!-- resetService -->
      </class> <!-- testcases.ProjectTests -->
    </test> <!-- Default test -->
  </suite> <!-- Default suite -->
</testng-results>
