<?xml version="1.0" encoding="UTF-8"?>
<!-- Generated by org.testng.reporters.JUnitReportReporter -->
<testsuite skipped="3" hostname="pvhai1" name="testcases.ProjectTests" tests="4" failures="0" timestamp="04 Nov 2021 07:16:46 GMT" time="24.408" errors="1">
  <testcase name="create_project_via_mobile" time="21.987" classname="testcases.ProjectTests">
    <skipped/>
  </testcase> <!-- create_project_via_mobile -->
  <testcase name="reopen_task" time="0.000" classname="testcases.ProjectTests">
    <skipped/>
  </testcase> <!-- reopen_task -->
  <testcase name="before_test" time="2.421" classname="testcases.ProjectTests">
    <error type="java.lang.IllegalArgumentException" message="Can not set io.appium.java_client.MobileElement field mobile.pageobjects.HomePage.profileName to null value">
      <![CDATA[java.lang.IllegalArgumentException: Can not set io.appium.java_client.MobileElement field mobile.pageobjects.HomePage.profileName to null value
at sun.reflect.UnsafeFieldAccessorImpl.throwSetIllegalArgumentException(UnsafeFieldAccessorImpl.java:167)
at sun.reflect.UnsafeFieldAccessorImpl.throwSetIllegalArgumentException(UnsafeFieldAccessorImpl.java:171)
at sun.reflect.UnsafeObjectFieldAccessorImpl.set(UnsafeObjectFieldAccessorImpl.java:81)
at java.lang.reflect.Field.set(Field.java:764)
at org.openqa.selenium.support.PageFactory.proxyFields(PageFactory.java:117)
at org.openqa.selenium.support.PageFactory.initElements(PageFactory.java:105)
at mobile.core.AbstractPage.<init>(AbstractPage.java:28)
at mobile.pageobjects.HomePage.<init>(HomePage.java:37)
at mobile.core.PageFactoryManager.getHomePage(PageFactoryManager.java:13)
at testcases.ProjectTests.before_test(ProjectTests.java:32)
at sun.reflect.NativeMethodAccessorImpl.invoke0(Native Method)
at sun.reflect.NativeMethodAccessorImpl.invoke(NativeMethodAccessorImpl.java:62)
at sun.reflect.DelegatingMethodAccessorImpl.invoke(DelegatingMethodAccessorImpl.java:43)
at java.lang.reflect.Method.invoke(Method.java:498)
at org.testng.internal.MethodInvocationHelper.invokeMethod(MethodInvocationHelper.java:124)
at org.testng.internal.MethodInvocationHelper.invokeMethodConsideringTimeout(MethodInvocationHelper.java:59)
at org.testng.internal.Invoker.invokeConfigurationMethod(Invoker.java:455)
at org.testng.internal.Invoker.invokeConfigurations(Invoker.java:222)
at org.testng.internal.Invoker.invokeMethod(Invoker.java:520)
at org.testng.internal.Invoker.invokeTestMethod(Invoker.java:716)
at org.testng.internal.Invoker.invokeTestMethods(Invoker.java:988)
at org.testng.internal.TestMethodWorker.invokeTestMethods(TestMethodWorker.java:125)
at org.testng.internal.TestMethodWorker.run(TestMethodWorker.java:109)
at org.testng.TestRunner.privateRun(TestRunner.java:648)
at org.testng.TestRunner.run(TestRunner.java:505)
at org.testng.SuiteRunner.runTest(SuiteRunner.java:455)
at org.testng.SuiteRunner.runSequentially(SuiteRunner.java:450)
at org.testng.SuiteRunner.privateRun(SuiteRunner.java:415)
at org.testng.SuiteRunner.run(SuiteRunner.java:364)
at org.testng.SuiteRunnerWorker.runSuite(SuiteRunnerWorker.java:52)
at org.testng.SuiteRunnerWorker.run(SuiteRunnerWorker.java:84)
at org.testng.TestNG.runSuitesSequentially(TestNG.java:1208)
at org.testng.TestNG.runSuitesLocally(TestNG.java:1137)
at org.testng.TestNG.runSuites(TestNG.java:1049)
at org.testng.TestNG.run(TestNG.java:1017)
at org.testng.remote.AbstractRemoteTestNG.run(AbstractRemoteTestNG.java:115)
at org.testng.remote.RemoteTestNG.initAndRun(RemoteTestNG.java:251)
at org.testng.remote.RemoteTestNG.main(RemoteTestNG.java:77)
]]>
    </error>
  </testcase> <!-- before_test -->
  <testcase name="create_project" time="0.000" classname="testcases.ProjectTests">
    <skipped/>
  </testcase> <!-- create_project -->
</testsuite> <!-- testcases.ProjectTests -->
